extension/app-source-code/acrylicPaint/acrylicPaintBundling/app/build/outputs/logs/manifest-merger-debug-report.txt
-- Merging decision tree log ---
manifest
ADDED from src/main/AndroidManifest.xml:2:1-53:12
	package
		ADDED from src/main/AndroidManifest.xml:3:5-29
		INJECTED from src/main/AndroidManifest.xml
		INJECTED from src/main/AndroidManifest.xml
	android:versionName
		ADDED from src/main/AndroidManifest.xml:5:5-32
		INJECTED from src/main/AndroidManifest.xml
		INJECTED from src/main/AndroidManifest.xml
	android:versionCode
		ADDED from src/main/AndroidManifest.xml:4:5-29
		INJECTED from src/main/AndroidManifest.xml
		INJECTED from src/main/AndroidManifest.xml
	xmlns:android
		ADDED from src/main/AndroidManifest.xml:2:11-69
supports-screens
ADDED from src/main/AndroidManifest.xml:7:5-12:39
	android:largeScreens
		ADDED from src/main/AndroidManifest.xml:9:9-36
	android:smallScreens
		ADDED from src/main/AndroidManifest.xml:12:9-36
	android:normalScreens
		ADDED from src/main/AndroidManifest.xml:10:9-37
	android:resizeable
		ADDED from src/main/AndroidManifest.xml:11:9-34
	android:anyDensity
		ADDED from src/main/AndroidManifest.xml:8:9-34
uses-sdk
ADDED from src/main/AndroidManifest.xml:14:5-16:41
	android:targetSdkVersion
		ADDED from src/main/AndroidManifest.xml:16:9-38
		INJECTED from src/main/AndroidManifest.xml
		INJECTED from src/main/AndroidManifest.xml
	android:minSdkVersion
		ADDED from src/main/AndroidManifest.xml:15:9-35
		INJECTED from src/main/AndroidManifest.xml
		INJECTED from src/main/AndroidManifest.xml
uses-permission#android.permission.WRITE_EXTERNAL_STORAGE
ADDED from src/main/AndroidManifest.xml:18:5-81
	android:name
		ADDED from src/main/AndroidManifest.xml:18:22-78
application
ADDED from src/main/AndroidManifest.xml:20:5-51:19
	android:label
		ADDED from src/main/AndroidManifest.xml:23:9-41
	android:allowBackup
		ADDED from src/main/AndroidManifest.xml:21:9-35
	android:icon
		ADDED from src/main/AndroidManifest.xml:22:9-45
	android:theme
		ADDED from src/main/AndroidManifest.xml:24:9-37
activity#anupam.acrylic.Splash
ADDED from src/main/AndroidManifest.xml:25:9-33:20
	android:configChanges
		ADDED from src/main/AndroidManifest.xml:27:13-72
	android:theme
		ADDED from src/main/AndroidManifest.xml:28:13-92
	android:name
		ADDED from src/main/AndroidManifest.xml:26:13-35
intent-filter#android.intent.action.MAIN+android.intent.category.LAUNCHER
ADDED from src/main/AndroidManifest.xml:29:13-32:29
action#android.intent.action.MAIN
ADDED from src/main/AndroidManifest.xml:30:17-69
	android:name
		ADDED from src/main/AndroidManifest.xml:30:25-66
category#android.intent.category.LAUNCHER
ADDED from src/main/AndroidManifest.xml:31:17-77
	android:name
		ADDED from src/main/AndroidManifest.xml:31:27-74
activity#anupam.acrylic.EasyPaint
ADDED from src/main/AndroidManifest.xml:34:9-42:20
	android:launchMode
		ADDED from src/main/AndroidManifest.xml:36:13-43
	android:name
		ADDED from src/main/AndroidManifest.xml:35:13-38
intent-filter#android.intent.action.SEND+android.intent.category.DEFAULT
ADDED from src/main/AndroidManifest.xml:37:13-41:29
action#android.intent.action.SEND
ADDED from src/main/AndroidManifest.xml:38:17-69
	android:name
		ADDED from src/main/AndroidManifest.xml:38:25-66
category#android.intent.category.DEFAULT
ADDED from src/main/AndroidManifest.xml:39:17-76
	android:name
		ADDED from src/main/AndroidManifest.xml:39:27-73
data
ADDED from src/main/AndroidManifest.xml:40:17-52
	android:mimeType
		ADDED from src/main/AndroidManifest.xml:40:23-49
activity#anupam.acrylic.AboutActivity
ADDED from src/main/AndroidManifest.xml:43:9-50:20
	android:label
		ADDED from src/main/AndroidManifest.xml:45:13-57
	android:parentActivityName
		ADDED from src/main/AndroidManifest.xml:46:13-52
	android:name
		ADDED from src/main/AndroidManifest.xml:44:13-42
meta-data#android.support.PARENT_ACTIVITY
ADDED from src/main/AndroidManifest.xml:47:13-49:46
	android:value
		ADDED from src/main/AndroidManifest.xml:49:17-43
	android:name
		ADDED from src/main/AndroidManifest.xml:48:17-63